<?xml version="1.0" encoding="UTF-8" ?>
<testsuite tests="5" failures="0" name="trecos.exercicios.CalculatorTest" time="0.002" errors="0" skipped="0">
  <properties>
[...]
</properties>
  <testcase classname="trecos.exercicios.CalculatorTest" name="trecos.exercicios.CalculatorTest.testDiv" time="0.001"/>
  <testcase classname="trecos.exercicios.CalculatorTest" name="trecos.exercicios.CalculatorTest.testMod" time="0"/>
  <testcase classname="trecos.exercicios.CalculatorTest" name="trecos.exercicios.CalculatorTest.testSum" time="0"/>
  <testcase classname="trecos.exercicios.CalculatorTest" name="trecos.exercicios.CalculatorTest.testSub" time="0.001"/>
  <testcase classname="trecos.exercicios.CalculatorTest" name="trecos.exercicios.CalculatorTest.testMul" time="0"/>
</testsuite>